<?xml version="1.0" encoding="UTF-8"?>
<robot generator="Robot 7.4.2 (Python 3.12.12 on linux)" generated="2026-03-18T14:23:42.662102" rpa="false" schemaversion="5">
<suite id="s1" name="Cli Load" source="/home/javi/OpenSource/botan-tls-testserver/tests/robot/tests/cli_load.robot">
<test id="s1-t1" name="Hello World" line="5">
<kw name="Log" owner="BuiltIn">
<msg time="2026-03-18T14:23:42.681066" level="INFO">Hola mundo desde Robot Framework</msg>
<arg>Hola mundo desde Robot Framework</arg>
<doc>Logs the given message with the given level.</doc>
<status status="PASS" start="2026-03-18T14:23:42.680919" elapsed="0.000191"/>
</kw>
<kw name="Should Be Equal" owner="BuiltIn">
<arg>1</arg>
<arg>1</arg>
<doc>Fails if the given objects are unequal.</doc>
<status status="PASS" start="2026-03-18T14:23:42.681201" elapsed="0.000153"/>
</kw>
<status status="PASS" start="2026-03-18T14:23:42.680574" elapsed="0.000861"/>
</test>
<doc>Hola mundo Robot Framework</doc>
<status status="PASS" start="2026-03-18T14:23:42.662689" elapsed="0.018944"/>
</suite>
<statistics>
<total>
<stat pass="1" fail="0" skip="0">All Tests</stat>
</total>
<tag>
</tag>
<suite>
<stat name="Cli Load" id="s1" pass="1" fail="0" skip="0">Cli Load</stat>
</suite>
</statistics>
<errors>
</errors>
</robot>
