<?xml version="1.0" encoding="UTF-8"?>
<robot generator="Robot 7.4.2 (Python 3.12.12 on linux)" generated="2026-03-18T15:23:19.126466" rpa="false" schemaversion="5">
<suite id="s1" name="Tests" source="/home/javi/OpenSource/botan-tls-testserver/tests/robot/tests">
<suite id="s1-s1" name="Cli Load" source="/home/javi/OpenSource/botan-tls-testserver/tests/robot/tests/cli_load.robot">
<test id="s1-s1-t1" name="Hello World" line="5">
<kw name="Log" owner="BuiltIn">
<msg time="2026-03-18T15:23:19.145657" level="INFO">Hola mundo desde Robot Framework</msg>
<arg>Hola mundo desde Robot Framework</arg>
<doc>Logs the given message with the given level.</doc>
<status status="PASS" start="2026-03-18T15:23:19.145512" elapsed="0.000179"/>
</kw>
<kw name="Should Be Equal" owner="BuiltIn">
<arg>1</arg>
<arg>1</arg>
<doc>Fails if the given objects are unequal.</doc>
<status status="PASS" start="2026-03-18T15:23:19.145778" elapsed="0.000154"/>
</kw>
<status status="PASS" start="2026-03-18T15:23:19.145163" elapsed="0.000851"/>
</test>
<doc>Hola mundo Robot Framework</doc>
<status status="PASS" start="2026-03-18T15:23:19.144606" elapsed="0.001599"/>
</suite>
<suite id="s1-s2" name="Pipeline Db" source="/home/javi/OpenSource/botan-tls-testserver/tests/robot/tests/pipeline_db.robot">
<kw name="Iniciar Base De Datos" type="SETUP">
<kw name="Log" owner="BuiltIn">
<msg time="2026-03-18T15:23:19.149878" level="INFO">Iniciando PostgreSQL para la suite...</msg>
<arg>Iniciando PostgreSQL para la suite...</arg>
<doc>Logs the given message with the given level.</doc>
<status status="PASS" start="2026-03-18T15:23:19.149765" elapsed="0.000139"/>
</kw>
<kw name="Run Process" owner="Process">
<msg time="2026-03-18T15:23:19.150216" level="INFO">Starting process:
/usr/local/pgsql/bin/pg_ctl -D /usr/local/pgsql/data -l logfile start</msg>
<msg time="2026-03-18T15:23:19.150520" level="INFO">Waiting for process to complete.</msg>
<msg time="2026-03-18T15:23:19.350890" level="INFO">Process completed.</msg>
<arg>${PG_CTL}</arg>
<arg>-D</arg>
<arg>${PG_DATA}</arg>
<arg>-l</arg>
<arg>${PG_LOGFILE}</arg>
<arg>start</arg>
<arg>timeout=${DB_START_TIMEOUT}</arg>
<doc>Runs a process and waits for it to complete.</doc>
<status status="PASS" start="2026-03-18T15:23:19.149953" elapsed="0.201019"/>
</kw>
<status status="PASS" start="2026-03-18T15:23:19.149657" elapsed="0.201396"/>
</kw>
<test id="s1-s2-t1" name="Hola Mundo Con Base De Datos" line="22">
<kw name="Preparar Estado De Prueba" type="SETUP">
<kw name="Log" owner="BuiltIn">
<msg time="2026-03-18T15:23:19.351881" level="INFO">Preparando estado de prueba y verificando conexión a PostgreSQL...</msg>
<arg>Preparando estado de prueba y verificando conexión a PostgreSQL...</arg>
<doc>Logs the given message with the given level.</doc>
<status status="PASS" start="2026-03-18T15:23:19.351698" elapsed="0.000214"/>
</kw>
<kw name="Verificar Conexion PostgreSQL">
<kw name="Set Variable" owner="BuiltIn">
<msg time="2026-03-18T15:23:19.352282" level="INFO">${query} = SELECT now() AS server_time, version() AS postgres_version, inet_server_addr() AS server_ip, inet_server_port() AS server_port, pg_is_in_recovery() AS in_recovery, current_setting('server_version_num'...</msg>
<var>${query}</var>
<arg>SELECT now() AS server_time, version() AS postgres_version, inet_server_addr() AS server_ip, inet_server_port() AS server_port, pg_is_in_recovery() AS in_recovery, current_setting('server_version_num') AS version_num;</arg>
<doc>Returns the given values which can then be assigned to a variables.</doc>
<status status="PASS" start="2026-03-18T15:23:19.352126" elapsed="0.000187"/>
</kw>
<kw name="Run Process" owner="Process">
<msg time="2026-03-18T15:23:19.352762" level="INFO">Starting process:
psql -h localhost -p 5432 -d javi -U javi -c "SELECT now() AS server_time, version() AS postgres_version, inet_server_addr() AS server_ip, inet_server_port() AS server_port, pg_is_in_recovery() AS in_recovery, current_setting('server_version_num') AS version_num;"</msg>
<msg time="2026-03-18T15:23:19.353076" level="INFO">Waiting for process to complete.</msg>
<msg time="2026-03-18T15:23:19.360398" level="INFO">Process completed.</msg>
<msg time="2026-03-18T15:23:19.360480" level="INFO">${result} = &lt;result object with rc 0&gt;</msg>
<var>${result}</var>
<arg>${PSQL}</arg>
<arg>-h</arg>
<arg>${DB_HOST}</arg>
<arg>-p</arg>
<arg>${DB_PORT}</arg>
<arg>-d</arg>
<arg>${DB_NAME}</arg>
<arg>-U</arg>
<arg>${DB_USER}</arg>
<arg>-c</arg>
<arg>${query}</arg>
<arg>stdout=PIPE</arg>
<arg>stderr=PIPE</arg>
<arg>shell=True</arg>
<doc>Runs a process and waits for it to complete.</doc>
<status status="PASS" start="2026-03-18T15:23:19.352382" elapsed="0.008118"/>
</kw>
<kw name="Log" owner="BuiltIn">
<msg time="2026-03-18T15:23:19.361049" level="INFO">psql stdout:           server_time          |                                             postgres_version                                             | server_ip | server_port | in_recovery | version_num 
-------------------------------+----------------------------------------------------------------------------------------------------------+-----------+-------------+-------------+-------------
 2026-03-18 15:23:19.359343+01 | PostgreSQL 18.3 on x86_64-pc-linux-gnu, compiled by gcc (GCC) 14.3.1 20250617 (Red Hat 14.3.1-2), 64-bit | ::1       |        5432 | f           | 180003
(1 row)
</msg>
<arg>psql stdout: ${result.stdout}</arg>
<doc>Logs the given message with the given level.</doc>
<status status="PASS" start="2026-03-18T15:23:19.360593" elapsed="0.000487"/>
</kw>
<kw name="Log" owner="BuiltIn">
<msg time="2026-03-18T15:23:19.361508" level="INFO">psql stderr:           server_time          |                                             postgres_version                                             | server_ip | server_port | in_recovery | version_num 
-------------------------------+----------------------------------------------------------------------------------------------------------+-----------+-------------+-------------+-------------
 2026-03-18 15:23:19.359343+01 | PostgreSQL 18.3 on x86_64-pc-linux-gnu, compiled by gcc (GCC) 14.3.1 20250617 (Red Hat 14.3.1-2), 64-bit | ::1       |        5432 | f           | 180003
(1 row)
</msg>
<arg>psql stderr: ${result.stderr}</arg>
<doc>Logs the given message with the given level.</doc>
<status status="PASS" start="2026-03-18T15:23:19.361141" elapsed="0.000397"/>
</kw>
<kw name="Should Be Equal As Integers" owner="BuiltIn">
<msg time="2026-03-18T15:23:19.361931" level="INFO">Argument types are:
&lt;class 'int'&gt;
&lt;class 'str'&gt;</msg>
<arg>${result.rc}</arg>
<arg>0</arg>
<doc>Fails if objects are unequal after converting them to integers.</doc>
<status status="PASS" start="2026-03-18T15:23:19.361594" elapsed="0.000376"/>
</kw>
<status status="PASS" start="2026-03-18T15:23:19.351999" elapsed="0.010009"/>
</kw>
<status status="PASS" start="2026-03-18T15:23:19.351504" elapsed="0.010530"/>
</kw>
<kw name="Log" owner="BuiltIn">
<msg time="2026-03-18T15:23:19.362237" level="INFO">Ejecutando prueba de hola mundo con PostgreSQL levantado.</msg>
<arg>Ejecutando prueba de hola mundo con PostgreSQL levantado.</arg>
<doc>Logs the given message with the given level.</doc>
<status status="PASS" start="2026-03-18T15:23:19.362121" elapsed="0.000141"/>
</kw>
<kw name="Should Be Equal" owner="BuiltIn">
<arg>1</arg>
<arg>1</arg>
<doc>Fails if the given objects are unequal.</doc>
<status status="PASS" start="2026-03-18T15:23:19.362348" elapsed="0.000142"/>
</kw>
<status status="PASS" start="2026-03-18T15:23:19.351120" elapsed="0.011456"/>
</test>
<kw name="Parar Base De Datos" type="TEARDOWN">
<kw name="Log" owner="BuiltIn">
<msg time="2026-03-18T15:23:19.363012" level="INFO">Parando PostgreSQL al finalizar la suite...</msg>
<arg>Parando PostgreSQL al finalizar la suite...</arg>
<doc>Logs the given message with the given level.</doc>
<status status="PASS" start="2026-03-18T15:23:19.362899" elapsed="0.000137"/>
</kw>
<kw name="Run Process" owner="Process">
<msg time="2026-03-18T15:23:19.363309" level="INFO">Starting process:
/usr/local/pgsql/bin/pg_ctl -D /usr/local/pgsql/data stop</msg>
<msg time="2026-03-18T15:23:19.363592" level="INFO">Waiting for process to complete.</msg>
<msg time="2026-03-18T15:23:19.563936" level="INFO">Process completed.</msg>
<arg>${PG_CTL}</arg>
<arg>-D</arg>
<arg>${PG_DATA}</arg>
<arg>stop</arg>
<arg>timeout=10s</arg>
<doc>Runs a process and waits for it to complete.</doc>
<status status="PASS" start="2026-03-18T15:23:19.363087" elapsed="0.200926"/>
</kw>
<status status="PASS" start="2026-03-18T15:23:19.362811" elapsed="0.201272"/>
</kw>
<doc>Pruebas de pipeline E2E con PostgreSQL: hola mundo + conexión.</doc>
<status status="PASS" start="2026-03-18T15:23:19.146416" elapsed="0.417691"/>
</suite>
<suite id="s1-s3" name="Pipeline Integration" source="/home/javi/OpenSource/botan-tls-testserver/tests/robot/tests/pipeline_integration.robot">
<kw name="Iniciar Sistema Completo" type="SETUP">
<kw name="Log" owner="BuiltIn">
<msg time="2026-03-18T15:23:19.571783" level="INFO">=== INICIO SUITE INTEGRACION ===</msg>
<arg>=== INICIO SUITE INTEGRACION ===</arg>
<doc>Logs the given message with the given level.</doc>
<status status="PASS" start="2026-03-18T15:23:19.571649" elapsed="0.000159"/>
</kw>
<kw name="Matar Procesos Sistema Si Existen">
<kw name="Get Environment Variable" owner="OperatingSystem">
<msg time="2026-03-18T15:23:19.572058" level="INFO">${user} = javi</msg>
<var>${user}</var>
<arg>USER</arg>
<doc>Returns the value of an environment variable with the given name.</doc>
<status status="PASS" start="2026-03-18T15:23:19.571978" elapsed="0.000093"/>
</kw>
<kw name="Log" owner="BuiltIn">
<msg time="2026-03-18T15:23:19.572238" level="INFO">Matando procesos previos para usuario javi...</msg>
<arg>Matando procesos previos para usuario ${user}...</arg>
<doc>Logs the given message with the given level.</doc>
<status status="PASS" start="2026-03-18T15:23:19.572117" elapsed="0.000142"/>
</kw>
<kw name="Run Process" owner="Process">
<msg time="2026-03-18T15:23:19.572580" level="INFO">Starting process:
pkill -u javi -f scripts/server.sh</msg>
<msg time="2026-03-18T15:23:19.572852" level="INFO">Waiting for process to complete.</msg>
<msg time="2026-03-18T15:23:19.673045" level="INFO">Process completed.</msg>
<msg time="2026-03-18T15:23:19.673190" level="INFO">${res} = &lt;result object with rc 1&gt;</msg>
<var>${res}</var>
<arg>pkill -u ${user} -f scripts/server.sh</arg>
<arg>shell=True</arg>
<arg>timeout=5s</arg>
<arg>stdout=PIPE</arg>
<arg>stderr=PIPE</arg>
<doc>Runs a process and waits for it to complete.</doc>
<status status="PASS" start="2026-03-18T15:23:19.572315" elapsed="0.100893"/>
</kw>
<kw name="Log" owner="BuiltIn">
<msg time="2026-03-18T15:23:19.673946" level="INFO">pkill server.sh rc=1 stderr=</msg>
<arg>pkill server.sh rc=${res.rc} stderr=${res.stderr}</arg>
<doc>Logs the given message with the given level.</doc>
<status status="PASS" start="2026-03-18T15:23:19.673327" elapsed="0.000644"/>
</kw>
<kw name="Run Process" owner="Process">
<msg time="2026-03-18T15:23:19.674266" level="INFO">Starting process:
pkill -u javi -f scripts/controller.sh</msg>
<msg time="2026-03-18T15:23:19.674551" level="INFO">Waiting for process to complete.</msg>
<msg time="2026-03-18T15:23:19.774687" level="INFO">Process completed.</msg>
<msg time="2026-03-18T15:23:19.774769" level="INFO">${res} = &lt;result object with rc 1&gt;</msg>
<var>${res}</var>
<arg>pkill -u ${user} -f scripts/controller.sh</arg>
<arg>shell=True</arg>
<arg>timeout=5s</arg>
<arg>stdout=PIPE</arg>
<arg>stderr=PIPE</arg>
<doc>Runs a process and waits for it to complete.</doc>
<status status="PASS" start="2026-03-18T15:23:19.674027" elapsed="0.100762"/>
</kw>
<kw name="Log" owner="BuiltIn">
<msg time="2026-03-18T15:23:19.775518" level="INFO">pkill controller.sh rc=1 stderr=</msg>
<arg>pkill controller.sh rc=${res.rc} stderr=${res.stderr}</arg>
<doc>Logs the given message with the given level.</doc>
<status status="PASS" start="2026-03-18T15:23:19.774874" elapsed="0.000678"/>
</kw>
<kw name="Run Process" owner="Process">
<msg time="2026-03-18T15:23:19.775865" level="INFO">Starting process:
pkill -u javi -f scripts/sensor.sh</msg>
<msg time="2026-03-18T15:23:19.776120" level="INFO">Waiting for process to complete.</msg>
<msg time="2026-03-18T15:23:19.876264" level="INFO">Process completed.</msg>
<msg time="2026-03-18T15:23:19.876373" level="INFO">${res} = &lt;result object with rc 1&gt;</msg>
<var>${res}</var>
<arg>pkill -u ${user} -f scripts/sensor.sh</arg>
<arg>shell=True</arg>
<arg>timeout=5s</arg>
<arg>stdout=PIPE</arg>
<arg>stderr=PIPE</arg>
<doc>Runs a process and waits for it to complete.</doc>
<status status="PASS" start="2026-03-18T15:23:19.775615" elapsed="0.100780"/>
</kw>
<kw name="Log" owner="BuiltIn">
<msg time="2026-03-18T15:23:19.877188" level="INFO">pkill sensor.sh rc=1 stderr=</msg>
<arg>pkill sensor.sh rc=${res.rc} stderr=${res.stderr}</arg>
<doc>Logs the given message with the given level.</doc>
<status status="PASS" start="2026-03-18T15:23:19.876493" elapsed="0.000724"/>
</kw>
<doc>Mata instancias previas de server.sh, controller.sh y sensor.sh del usuario actual.</doc>
<status status="PASS" start="2026-03-18T15:23:19.571897" elapsed="0.305359"/>
</kw>
<kw name="Iniciar Base De Datos">
<kw name="Log" owner="BuiltIn">
<msg time="2026-03-18T15:23:19.877585" level="INFO">Iniciando PostgreSQL para la suite...</msg>
<arg>Iniciando PostgreSQL para la suite...</arg>
<doc>Logs the given message with the given level.</doc>
<status status="PASS" start="2026-03-18T15:23:19.877465" elapsed="0.000145"/>
</kw>
<kw name="Run Process" owner="Process">
<msg time="2026-03-18T15:23:19.877923" level="INFO">Starting process:
/usr/local/pgsql/bin/pg_ctl -D /usr/local/pgsql/data -l logfile start</msg>
<msg time="2026-03-18T15:23:19.878202" level="INFO">Waiting for process to complete.</msg>
<msg time="2026-03-18T15:23:20.078498" level="INFO">Process completed.</msg>
<arg>${PG_CTL}</arg>
<arg>-D</arg>
<arg>${PG_DATA}</arg>
<arg>-l</arg>
<arg>${PG_LOGFILE}</arg>
<arg>start</arg>
<arg>timeout=${DB_START_TIMEOUT}</arg>
<doc>Runs a process and waits for it to complete.</doc>
<status status="PASS" start="2026-03-18T15:23:19.877662" elapsed="0.200924"/>
</kw>
<status status="PASS" start="2026-03-18T15:23:19.877362" elapsed="0.201297"/>
</kw>
<kw name="Verificar Conexion PostgreSQL">
<kw name="Log" owner="BuiltIn">
<msg time="2026-03-18T15:23:20.079213" level="INFO">Verificando conexión a PostgreSQL...</msg>
<arg>Verificando conexión a PostgreSQL...</arg>
<doc>Logs the given message with the given level.</doc>
<status status="PASS" start="2026-03-18T15:23:20.079019" elapsed="0.000228"/>
</kw>
<kw name="Set Variable" owner="BuiltIn">
<msg time="2026-03-18T15:23:20.079484" level="INFO">${query} = SELECT now() AS server_time, version() AS postgres_version, inet_server_addr() AS server_ip, inet_server_port() AS server_port, pg_is_in_recovery() AS in_recovery, current_setting('server_version_num'...</msg>
<var>${query}</var>
<arg>SELECT now() AS server_time, version() AS postgres_version, inet_server_addr() AS server_ip, inet_server_port() AS server_port, pg_is_in_recovery() AS in_recovery, current_setting('server_version_num') AS version_num;</arg>
<doc>Returns the given values which can then be assigned to a variables.</doc>
<status status="PASS" start="2026-03-18T15:23:20.079331" elapsed="0.000169"/>
</kw>
<kw name="Run Process" owner="Process">
<msg time="2026-03-18T15:23:20.079916" level="INFO">Starting process:
psql -h localhost -p 5432 -d javi -U javi -c "SELECT now() AS server_time, version() AS postgres_version, inet_server_addr() AS server_ip, inet_server_port() AS server_port, pg_is_in_recovery() AS in_recovery, current_setting('server_version_num') AS version_num;"</msg>
<msg time="2026-03-18T15:23:20.080264" level="INFO">Waiting for process to complete.</msg>
<msg time="2026-03-18T15:23:20.095594" level="INFO">Process completed.</msg>
<msg time="2026-03-18T15:23:20.095678" level="INFO">${result} = &lt;result object with rc 0&gt;</msg>
<var>${result}</var>
<arg>${PSQL}</arg>
<arg>-h</arg>
<arg>${DB_HOST}</arg>
<arg>-p</arg>
<arg>${DB_PORT}</arg>
<arg>-d</arg>
<arg>${DB_NAME}</arg>
<arg>-U</arg>
<arg>${DB_USER}</arg>
<arg>-c</arg>
<arg>${query}</arg>
<arg>stdout=PIPE</arg>
<arg>stderr=PIPE</arg>
<arg>shell=True</arg>
<doc>Runs a process and waits for it to complete.</doc>
<status status="PASS" start="2026-03-18T15:23:20.079555" elapsed="0.016144"/>
</kw>
<kw name="Log" owner="BuiltIn">
<msg time="2026-03-18T15:23:20.096309" level="INFO">psql stdout:           server_time          |                                             postgres_version                                             | server_ip | server_port | in_recovery | version_num 
-------------------------------+----------------------------------------------------------------------------------------------------------+-----------+-------------+-------------+-------------
 2026-03-18 15:23:20.087392+01 | PostgreSQL 18.3 on x86_64-pc-linux-gnu, compiled by gcc (GCC) 14.3.1 20250617 (Red Hat 14.3.1-2), 64-bit | ::1       |        5432 | f           | 180003
(1 row)
</msg>
<arg>psql stdout: ${result.stdout}</arg>
<doc>Logs the given message with the given level.</doc>
<status status="PASS" start="2026-03-18T15:23:20.095831" elapsed="0.000517"/>
</kw>
<kw name="Log" owner="BuiltIn">
<msg time="2026-03-18T15:23:20.096745" level="INFO">psql stderr:           server_time          |                                             postgres_version                                             | server_ip | server_port | in_recovery | version_num 
-------------------------------+----------------------------------------------------------------------------------------------------------+-----------+-------------+-------------+-------------
 2026-03-18 15:23:20.087392+01 | PostgreSQL 18.3 on x86_64-pc-linux-gnu, compiled by gcc (GCC) 14.3.1 20250617 (Red Hat 14.3.1-2), 64-bit | ::1       |        5432 | f           | 180003
(1 row)
</msg>
<arg>psql stderr: ${result.stderr}</arg>
<doc>Logs the given message with the given level.</doc>
<status status="PASS" start="2026-03-18T15:23:20.096407" elapsed="0.000367"/>
</kw>
<kw name="Should Be Equal As Integers" owner="BuiltIn">
<msg time="2026-03-18T15:23:20.097167" level="INFO">Argument types are:
&lt;class 'int'&gt;
&lt;class 'str'&gt;</msg>
<arg>${result.rc}</arg>
<arg>0</arg>
<doc>Fails if objects are unequal after converting them to integers.</doc>
<status status="PASS" start="2026-03-18T15:23:20.096830" elapsed="0.000375"/>
</kw>
<status status="PASS" start="2026-03-18T15:23:20.078839" elapsed="0.018402"/>
</kw>
<kw name="Iniciar Sistema Comunicaciones">
<kw name="Log" owner="BuiltIn">
<msg time="2026-03-18T15:23:20.097558" level="INFO">Lanzando server, controller y sensor desde scripts .sh...</msg>
<arg>Lanzando server, controller y sensor desde scripts .sh...</arg>
<doc>Logs the given message with the given level.</doc>
<status status="PASS" start="2026-03-18T15:23:20.097438" elapsed="0.000145"/>
</kw>
<kw name="Start Process" owner="Process">
<msg time="2026-03-18T15:23:20.097837" level="INFO">Starting process:
bash scripts/server.sh</msg>
<arg>${SERVER_CMD}</arg>
<arg>shell=True</arg>
<arg>stdout=PIPE</arg>
<arg>stderr=PIPE</arg>
<doc>Starts a new process on background.</doc>
<status status="PASS" start="2026-03-18T15:23:20.097635" elapsed="0.000478"/>
</kw>
<kw name="Start Process" owner="Process">
<msg time="2026-03-18T15:23:20.098478" level="INFO">Starting process:
bash scripts/controller.sh</msg>
<arg>${CONTROLLER_CMD}</arg>
<arg>shell=True</arg>
<arg>stdout=PIPE</arg>
<arg>stderr=PIPE</arg>
<doc>Starts a new process on background.</doc>
<status status="PASS" start="2026-03-18T15:23:20.098202" elapsed="0.000548"/>
</kw>
<kw name="Start Process" owner="Process">
<msg time="2026-03-18T15:23:20.099088" level="INFO">Starting process:
bash scripts/sensor.sh</msg>
<arg>${SENSOR_CMD}</arg>
<arg>shell=True</arg>
<arg>stdout=PIPE</arg>
<arg>stderr=PIPE</arg>
<doc>Starts a new process on background.</doc>
<status status="PASS" start="2026-03-18T15:23:20.098833" elapsed="0.001200"/>
</kw>
<kw name="Sleep" owner="BuiltIn">
<msg time="2026-03-18T15:23:23.100351" level="INFO">Slept 3 seconds.</msg>
<arg>3s</arg>
<doc>Pauses the test executed for the given time.</doc>
<status status="PASS" start="2026-03-18T15:23:20.100097" elapsed="3.000341"/>
</kw>
<status status="PASS" start="2026-03-18T15:23:20.097342" elapsed="3.003162"/>
</kw>
<status status="PASS" start="2026-03-18T15:23:19.571471" elapsed="3.529070"/>
</kw>
<test id="s1-s3-t1" name="Primer Test: CLI Devuelve OK" line="29">
<kw name="Preparar Caso Integración" type="SETUP">
<kw name="Log" owner="BuiltIn">
<msg time="2026-03-18T15:23:23.101277" level="INFO">Preparando estado previo al caso de integración (placeholder).</msg>
<arg>Preparando estado previo al caso de integración (placeholder).</arg>
<doc>Logs the given message with the given level.</doc>
<status status="PASS" start="2026-03-18T15:23:23.101109" elapsed="0.000207"/>
</kw>
<status status="PASS" start="2026-03-18T15:23:23.100923" elapsed="0.000426"/>
</kw>
<kw name="Verificar CLI Configuracion OK">
<kw name="Run Process" owner="Process">
<msg time="2026-03-18T15:23:23.101908" level="INFO">Starting process:
bash server/scripts/cli_test.sh</msg>
<msg time="2026-03-18T15:23:23.102226" level="INFO">Waiting for process to complete.</msg>
<msg time="2026-03-18T15:23:23.202506" level="INFO">Process completed.</msg>
<msg time="2026-03-18T15:23:23.202629" level="INFO">${result} = &lt;result object with rc 0&gt;</msg>
<var>${result}</var>
<arg>${CLI_TEST_CMD}</arg>
<arg>shell=True</arg>
<arg>stdout=PIPE</arg>
<arg>stderr=PIPE</arg>
<arg>timeout=${CLI_TIMEOUT}</arg>
<doc>Runs a process and waits for it to complete.</doc>
<status status="PASS" start="2026-03-18T15:23:23.101589" elapsed="0.101061"/>
</kw>
<kw name="Log" owner="BuiltIn">
<msg time="2026-03-18T15:23:23.203355" level="INFO">CLI stdout:
&gt;&gt;&gt; Sending: CONFIG_IP 1 IP 7.7.7.7/22
Server: Certificate validation status: Verified
Server: Handshake complete, TLS v1.3
Server: Negotiated ciphersuite CHACHA20_POLY1305_SHA256
Server: Key exchange using ML-KEM-768
Server: Session ID 69BAB55B22CD0D4A3C8E9D9C50D1173D987D0EF219584F5416236A098FC791B9
Server: Handshake complete
Server: Alert: close_notify
Command 'CONFIG_IP 1 IP 7.7.7.7/22' did not receive an OK: response.
Error: Botan process is not running.
{"kex_algo": "ML-KEM-768","is_quantum_safe": true,"wire_code": "0x0201"}
[DB] Connection not available. Cannot add pending config.</msg>
<arg>CLI stdout:\n${result.stdout}</arg>
<doc>Logs the given message with the given level.</doc>
<status status="PASS" start="2026-03-18T15:23:23.202764" elapsed="0.002990"/>
</kw>
<kw name="Log" owner="BuiltIn">
<msg time="2026-03-18T15:23:23.206239" level="INFO">CLI stderr:
&gt;&gt;&gt; Sending: CONFIG_IP 1 IP 7.7.7.7/22
Server: Certificate validation status: Verified
Server: Handshake complete, TLS v1.3
Server: Negotiated ciphersuite CHACHA20_POLY1305_SHA256
Server: Key exchange using ML-KEM-768
Server: Session ID 69BAB55B22CD0D4A3C8E9D9C50D1173D987D0EF219584F5416236A098FC791B9
Server: Handshake complete
Server: Alert: close_notify
Command 'CONFIG_IP 1 IP 7.7.7.7/22' did not receive an OK: response.
Error: Botan process is not running.
{"kex_algo": "ML-KEM-768","is_quantum_safe": true,"wire_code": "0x0201"}
[DB] Connection not available. Cannot add pending config.</msg>
<arg>CLI stderr:\n${result.stderr}</arg>
<doc>Logs the given message with the given level.</doc>
<status status="PASS" start="2026-03-18T15:23:23.205821" elapsed="0.002627"/>
</kw>
<kw name="Should Be Equal As Integers" owner="BuiltIn">
<msg time="2026-03-18T15:23:23.208824" level="INFO">Argument types are:
&lt;class 'int'&gt;
&lt;class 'str'&gt;</msg>
<arg>${result.rc}</arg>
<arg>0</arg>
<doc>Fails if objects are unequal after converting them to integers.</doc>
<status status="PASS" start="2026-03-18T15:23:23.208503" elapsed="0.000353"/>
</kw>
<kw name="Should Contain" owner="BuiltIn">
<arg>${result.stdout}</arg>
<arg>OK:</arg>
<doc>Fails if ``container`` does not contain ``item`` one or more times.</doc>
<status status="PASS" start="2026-03-18T15:23:23.208910" elapsed="0.000413"/>
</kw>
<kw name="Should Not Contain" owner="BuiltIn">
<arg>${result.stdout}</arg>
<arg>FAILED:</arg>
<doc>Fails if ``container`` contains ``item`` one or more times.</doc>
<status status="PASS" start="2026-03-18T15:23:23.209377" elapsed="0.000304"/>
</kw>
<kw name="Should Not Contain" owner="BuiltIn">
<arg>${result.stdout}</arg>
<arg>ERROR:</arg>
<doc>Fails if ``container`` contains ``item`` one or more times.</doc>
<status status="PASS" start="2026-03-18T15:23:23.209761" elapsed="0.000303"/>
</kw>
<doc>Ejecuta server/scripts/cli_test.sh y valida que devuelve OK: y no FAILED:/ERROR:.</doc>
<status status="PASS" start="2026-03-18T15:23:23.101464" elapsed="0.108636"/>
</kw>
<status status="PASS" start="2026-03-18T15:23:23.100587" elapsed="0.109596"/>
</test>
<kw name="Parar Sistema Completo" type="TEARDOWN">
<kw name="Log" owner="BuiltIn">
<msg time="2026-03-18T15:23:23.210603" level="INFO">=== FIN SUITE INTEGRACION ===</msg>
<arg>=== FIN SUITE INTEGRACION ===</arg>
<doc>Logs the given message with the given level.</doc>
<status status="PASS" start="2026-03-18T15:23:23.210496" elapsed="0.000129"/>
</kw>
<kw name="Parar Sistema Comunicaciones">
<kw name="Log" owner="BuiltIn">
<msg time="2026-03-18T15:23:23.210865" level="INFO">Parando server, controller y sensor...</msg>
<arg>Parando server, controller y sensor...</arg>
<doc>Logs the given message with the given level.</doc>
<status status="PASS" start="2026-03-18T15:23:23.210768" elapsed="0.000120"/>
</kw>
<kw name="Get Environment Variable" owner="OperatingSystem">
<msg time="2026-03-18T15:23:23.211003" level="INFO">${user} = javi</msg>
<var>${user}</var>
<arg>USER</arg>
<doc>Returns the value of an environment variable with the given name.</doc>
<status status="PASS" start="2026-03-18T15:23:23.210932" elapsed="0.000084"/>
</kw>
<kw name="Run Process" owner="Process">
<msg time="2026-03-18T15:23:23.211333" level="INFO">Starting process:
pkill -u javi -f scripts/server.sh</msg>
<msg time="2026-03-18T15:23:23.211605" level="INFO">Waiting for process to complete.</msg>
<msg time="2026-03-18T15:23:23.311761" level="INFO">Process completed.</msg>
<arg>pkill -u ${user} -f scripts/server.sh</arg>
<arg>shell=True</arg>
<arg>timeout=5s</arg>
<arg>stdout=PIPE</arg>
<arg>stderr=PIPE</arg>
<doc>Runs a process and waits for it to complete.</doc>
<status status="PASS" start="2026-03-18T15:23:23.211064" elapsed="0.100758"/>
</kw>
<kw name="Run Process" owner="Process">
<msg time="2026-03-18T15:23:23.312310" level="INFO">Starting process:
pkill -u javi -f scripts/controller.sh</msg>
<msg time="2026-03-18T15:23:23.312582" level="INFO">Waiting for process to complete.</msg>
<msg time="2026-03-18T15:23:23.412758" level="INFO">Process completed.</msg>
<arg>pkill -u ${user} -f scripts/controller.sh</arg>
<arg>shell=True</arg>
<arg>timeout=5s</arg>
<arg>stdout=PIPE</arg>
<arg>stderr=PIPE</arg>
<doc>Runs a process and waits for it to complete.</doc>
<status status="PASS" start="2026-03-18T15:23:23.311924" elapsed="0.100881"/>
</kw>
<kw name="Run Process" owner="Process">
<msg time="2026-03-18T15:23:23.413196" level="INFO">Starting process:
pkill -u javi -f scripts/sensor.sh</msg>
<msg time="2026-03-18T15:23:23.413596" level="INFO">Waiting for process to complete.</msg>
<msg time="2026-03-18T15:23:23.513772" level="INFO">Process completed.</msg>
<arg>pkill -u ${user} -f scripts/sensor.sh</arg>
<arg>shell=True</arg>
<arg>timeout=5s</arg>
<arg>stdout=PIPE</arg>
<arg>stderr=PIPE</arg>
<doc>Runs a process and waits for it to complete.</doc>
<status status="PASS" start="2026-03-18T15:23:23.412890" elapsed="0.100944"/>
</kw>
<status status="PASS" start="2026-03-18T15:23:23.210696" elapsed="0.303200"/>
</kw>
<kw name="Parar Base De Datos">
<kw name="Log" owner="BuiltIn">
<msg time="2026-03-18T15:23:23.514359" level="INFO">Parando PostgreSQL al finalizar la suite...</msg>
<arg>Parando PostgreSQL al finalizar la suite...</arg>
<doc>Logs the given message with the given level.</doc>
<status status="PASS" start="2026-03-18T15:23:23.514168" elapsed="0.000222"/>
</kw>
<kw name="Run Process" owner="Process">
<msg time="2026-03-18T15:23:23.514682" level="INFO">Starting process:
/usr/local/pgsql/bin/pg_ctl -D /usr/local/pgsql/data stop</msg>
<msg time="2026-03-18T15:23:23.515081" level="INFO">Waiting for process to complete.</msg>
<msg time="2026-03-18T15:23:23.715404" level="INFO">Process completed.</msg>
<arg>${PG_CTL}</arg>
<arg>-D</arg>
<arg>${PG_DATA}</arg>
<arg>stop</arg>
<arg>timeout=10s</arg>
<doc>Runs a process and waits for it to complete.</doc>
<status status="PASS" start="2026-03-18T15:23:23.514445" elapsed="0.201046"/>
</kw>
<status status="PASS" start="2026-03-18T15:23:23.514024" elapsed="0.201540"/>
</kw>
<status status="PASS" start="2026-03-18T15:23:23.210408" elapsed="0.505190"/>
</kw>
<doc>Pipeline E2E: DB + server + controller + sensor + CLI.</doc>
<status status="PASS" start="2026-03-18T15:23:19.564543" elapsed="4.151075"/>
</suite>
<status status="PASS" start="2026-03-18T15:23:19.127022" elapsed="4.589094"/>
</suite>
<statistics>
<total>
<stat pass="3" fail="0" skip="0">All Tests</stat>
</total>
<tag>
</tag>
<suite>
<stat name="Tests" id="s1" pass="3" fail="0" skip="0">Tests</stat>
<stat name="Cli Load" id="s1-s1" pass="1" fail="0" skip="0">Tests.Cli Load</stat>
<stat name="Pipeline Db" id="s1-s2" pass="1" fail="0" skip="0">Tests.Pipeline Db</stat>
<stat name="Pipeline Integration" id="s1-s3" pass="1" fail="0" skip="0">Tests.Pipeline Integration</stat>
</suite>
</statistics>
<errors>
</errors>
</robot>
